
[0m[1mInitializing the backend...[0m
[0m[32m
Successfully configured the backend "s3"! Terraform will automatically
use this backend unless the backend configuration changes.[0m
[0m[1mUpgrading modules...[0m
Downloading registry.terraform.io/terraform-aws-modules/iam/aws 5.60.0 for ebs_csi_driver_irsa...
- ebs_csi_driver_irsa in .terraform/modules/ebs_csi_driver_irsa/modules/iam-role-for-service-accounts-eks
Downloading registry.terraform.io/terraform-aws-modules/eks/aws 21.15.1 for eks...
- eks in .terraform/modules/eks
- eks.eks_managed_node_group in .terraform/modules/eks/modules/eks-managed-node-group
- eks.eks_managed_node_group.user_data in .terraform/modules/eks/modules/_user_data
- eks.fargate_profile in .terraform/modules/eks/modules/fargate-profile
Downloading registry.terraform.io/terraform-aws-modules/kms/aws 4.0.0 for eks.kms...
- eks.kms in .terraform/modules/eks.kms
- eks.self_managed_node_group in .terraform/modules/eks/modules/self-managed-node-group
- eks.self_managed_node_group.user_data in .terraform/modules/eks/modules/_user_data
Downloading registry.terraform.io/terraform-aws-modules/eks/aws 20.36.1 for karpenter...
- karpenter in .terraform/modules/karpenter/modules/karpenter

[0m[1mInitializing provider plugins...[0m
- terraform.io/builtin/terraform is built in to Terraform
- Finding hashicorp/kubernetes versions matching "~> 2.22"...
- Finding hashicorp/time versions matching ">= 0.9.0"...
- Finding hashicorp/helm versions matching "~> 2.7"...
- Finding alekc/kubectl versions matching "~> 2.0"...
- Finding hashicorp/tls versions matching ">= 4.0.0"...
- Finding hashicorp/cloudinit versions matching ">= 2.0.0"...
- Finding hashicorp/null versions matching ">= 3.0.0, ~> 3.0"...
- Finding hashicorp/aws versions matching ">= 4.0.0, >= 5.95.0, >= 6.0.0, >= 6.28.0, ~> 6.28.0"...
- Installing hashicorp/cloudinit v2.3.7...
- Installed hashicorp/cloudinit v2.3.7 (signed by HashiCorp)
- Installing hashicorp/null v3.2.4...
- Installed hashicorp/null v3.2.4 (signed by HashiCorp)
- Installing hashicorp/aws v6.28.0...
- Installed hashicorp/aws v6.28.0 (signed by HashiCorp)
- Installing hashicorp/kubernetes v2.38.0...
- Installed hashicorp/kubernetes v2.38.0 (signed by HashiCorp)
- Installing hashicorp/time v0.13.1...
- Installed hashicorp/time v0.13.1 (signed by HashiCorp)
- Installing hashicorp/helm v2.17.0...
- Installed hashicorp/helm v2.17.0 (signed by HashiCorp)
- Installing alekc/kubectl v2.1.3...
- Installed alekc/kubectl v2.1.3 (self-signed, key ID [0m[1m772FB27A86DAFCE7[0m[0m)
- Installing hashicorp/tls v4.2.1...
- Installed hashicorp/tls v4.2.1 (signed by HashiCorp)

Partner and community providers are signed by their developers.
If you'd like to know more about provider signing, you can read about it here:
https://www.terraform.io/docs/cli/plugins/signing.html

[0m[1m[32mTerraform has been successfully initialized![0m[32m[0m
[0m[32m
You may now begin working with Terraform. Try running "terraform plan" to see
any changes that are required for your infrastructure. All Terraform commands
should now work.

If you ever set or change modules or backend configuration for Terraform,
rerun this command to reinitialize your working directory. If you forget, other
commands will detect it and remind you to do so if necessary.[0m

[0m[1mInitializing the backend...[0m
[0m[32m
Successfully configured the backend "s3"! Terraform will automatically
use this backend unless the backend configuration changes.[0m
[0m[1mUpgrading modules...[0m
Downloading registry.terraform.io/terraform-aws-modules/iam/aws 5.60.0 for ebs_csi_driver_irsa...
- ebs_csi_driver_irsa in .terraform/modules/ebs_csi_driver_irsa/modules/iam-role-for-service-accounts-eks
Downloading registry.terraform.io/terraform-aws-modules/eks/aws 21.15.1 for eks...
- eks in .terraform/modules/eks
- eks.eks_managed_node_group in .terraform/modules/eks/modules/eks-managed-node-group
- eks.eks_managed_node_group.user_data in .terraform/modules/eks/modules/_user_data
- eks.fargate_profile in .terraform/modules/eks/modules/fargate-profile
Downloading registry.terraform.io/terraform-aws-modules/kms/aws 4.0.0 for eks.kms...
- eks.kms in .terraform/modules/eks.kms
- eks.self_managed_node_group in .terraform/modules/eks/modules/self-managed-node-group
- eks.self_managed_node_group.user_data in .terraform/modules/eks/modules/_user_data
Downloading registry.terraform.io/terraform-aws-modules/eks/aws 20.36.1 for karpenter...
- karpenter in .terraform/modules/karpenter/modules/karpenter

[0m[1mInitializing provider plugins...[0m
- terraform.io/builtin/terraform is built in to Terraform
- Finding hashicorp/time versions matching ">= 0.9.0"...
- Finding hashicorp/tls versions matching ">= 4.0.0"...
- Finding hashicorp/aws versions matching ">= 4.0.0, >= 5.95.0, >= 6.0.0, >= 6.28.0, ~> 6.28.0"...
- Finding hashicorp/kubernetes versions matching "~> 2.22"...
- Finding hashicorp/helm versions matching "~> 2.7"...
- Finding hashicorp/cloudinit versions matching ">= 2.0.0"...
- Finding hashicorp/null versions matching ">= 3.0.0, ~> 3.0"...
- Finding alekc/kubectl versions matching "~> 2.0"...
- Using previously-installed hashicorp/kubernetes v2.38.0
- Using previously-installed hashicorp/helm v2.17.0
- Using previously-installed hashicorp/cloudinit v2.3.7
- Using previously-installed hashicorp/null v3.2.4
- Using previously-installed alekc/kubectl v2.1.3
- Using previously-installed hashicorp/time v0.13.1
- Using previously-installed hashicorp/tls v4.2.1
- Using previously-installed hashicorp/aws v6.28.0

[0m[1m[32mTerraform has been successfully initialized![0m[32m[0m
[0m[32m
You may now begin working with Terraform. Try running "terraform plan" to see
any changes that are required for your infrastructure. All Terraform commands
should now work.

If you ever set or change modules or backend configuration for Terraform,
rerun this command to reinitialize your working directory. If you forget, other
commands will detect it and remind you to do so if necessary.[0m

[0m[1mInitializing the backend...[0m
[0m[32m
Successfully configured the backend "s3"! Terraform will automatically
use this backend unless the backend configuration changes.[0m
[0m[1mUpgrading modules...[0m
Downloading registry.terraform.io/terraform-aws-modules/iam/aws 5.60.0 for ebs_csi_driver_irsa...
- ebs_csi_driver_irsa in .terraform/modules/ebs_csi_driver_irsa/modules/iam-role-for-service-accounts-eks
Downloading registry.terraform.io/terraform-aws-modules/eks/aws 21.15.1 for eks...
- eks in .terraform/modules/eks
- eks.eks_managed_node_group in .terraform/modules/eks/modules/eks-managed-node-group
- eks.eks_managed_node_group.user_data in .terraform/modules/eks/modules/_user_data
- eks.fargate_profile in .terraform/modules/eks/modules/fargate-profile
Downloading registry.terraform.io/terraform-aws-modules/kms/aws 4.0.0 for eks.kms...
- eks.kms in .terraform/modules/eks.kms
- eks.self_managed_node_group in .terraform/modules/eks/modules/self-managed-node-group
- eks.self_managed_node_group.user_data in .terraform/modules/eks/modules/_user_data
Downloading registry.terraform.io/terraform-aws-modules/eks/aws 20.36.1 for karpenter...
- karpenter in .terraform/modules/karpenter/modules/karpenter

[0m[1mInitializing provider plugins...[0m
- terraform.io/builtin/terraform is built in to Terraform
- Finding hashicorp/tls versions matching ">= 4.0.0"...
- Finding hashicorp/cloudinit versions matching ">= 2.0.0"...
- Finding alekc/kubectl versions matching "~> 2.0"...
- Finding hashicorp/null versions matching ">= 3.0.0, ~> 3.0"...
- Finding hashicorp/kubernetes versions matching "~> 2.22"...
- Finding hashicorp/helm versions matching "~> 2.7"...
- Finding hashicorp/time versions matching ">= 0.9.0"...
- Finding hashicorp/aws versions matching ">= 4.0.0, >= 5.95.0, >= 6.0.0, >= 6.28.0, ~> 6.28.0"...
- Using previously-installed hashicorp/kubernetes v2.38.0
- Using previously-installed hashicorp/helm v2.17.0
- Using previously-installed hashicorp/time v0.13.1
- Using previously-installed hashicorp/aws v6.28.0
- Using previously-installed hashicorp/tls v4.2.1
- Using previously-installed hashicorp/cloudinit v2.3.7
- Using previously-installed alekc/kubectl v2.1.3
- Using previously-installed hashicorp/null v3.2.4

[0m[1m[32mTerraform has been successfully initialized![0m[32m[0m
[0m[32m
You may now begin working with Terraform. Try running "terraform plan" to see
any changes that are required for your infrastructure. All Terraform commands
should now work.

If you ever set or change modules or backend configuration for Terraform,
rerun this command to reinitialize your working directory. If you forget, other
commands will detect it and remind you to do so if necessary.[0m

[0m[1mInitializing the backend...[0m
[0m[32m
Successfully configured the backend "s3"! Terraform will automatically
use this backend unless the backend configuration changes.[0m
[0m[1mUpgrading modules...[0m
Downloading registry.terraform.io/terraform-aws-modules/iam/aws 5.60.0 for ebs_csi_driver_irsa...
- ebs_csi_driver_irsa in .terraform/modules/ebs_csi_driver_irsa/modules/iam-role-for-service-accounts-eks
Downloading registry.terraform.io/terraform-aws-modules/eks/aws 21.15.1 for eks...
- eks in .terraform/modules/eks
- eks.eks_managed_node_group in .terraform/modules/eks/modules/eks-managed-node-group
- eks.eks_managed_node_group.user_data in .terraform/modules/eks/modules/_user_data
- eks.fargate_profile in .terraform/modules/eks/modules/fargate-profile
Downloading registry.terraform.io/terraform-aws-modules/kms/aws 4.0.0 for eks.kms...
- eks.kms in .terraform/modules/eks.kms
- eks.self_managed_node_group in .terraform/modules/eks/modules/self-managed-node-group
- eks.self_managed_node_group.user_data in .terraform/modules/eks/modules/_user_data
Downloading registry.terraform.io/terraform-aws-modules/eks/aws 20.36.1 for karpenter...
- karpenter in .terraform/modules/karpenter/modules/karpenter

[0m[1mInitializing provider plugins...[0m
- terraform.io/builtin/terraform is built in to Terraform
- Finding hashicorp/null versions matching ">= 3.0.0, ~> 3.0"...
- Finding hashicorp/kubernetes versions matching "~> 2.22"...
- Finding hashicorp/helm versions matching "~> 2.7"...
- Finding hashicorp/tls versions matching ">= 4.0.0"...
- Finding alekc/kubectl versions matching "~> 2.0"...
- Finding hashicorp/time versions matching ">= 0.9.0"...
- Finding hashicorp/aws versions matching ">= 4.0.0, >= 5.95.0, >= 6.0.0, >= 6.28.0, ~> 6.28.0"...
- Finding hashicorp/cloudinit versions matching ">= 2.0.0"...
- Using previously-installed hashicorp/helm v2.17.0
- Using previously-installed hashicorp/tls v4.2.1
- Using previously-installed alekc/kubectl v2.1.3
- Using previously-installed hashicorp/time v0.13.1
- Using previously-installed hashicorp/aws v6.28.0
- Using previously-installed hashicorp/cloudinit v2.3.7
- Using previously-installed hashicorp/null v3.2.4
- Using previously-installed hashicorp/kubernetes v2.38.0

[0m[1m[32mTerraform has been successfully initialized![0m[32m[0m
[0m[32m
You may now begin working with Terraform. Try running "terraform plan" to see
any changes that are required for your infrastructure. All Terraform commands
should now work.

If you ever set or change modules or backend configuration for Terraform,
rerun this command to reinitialize your working directory. If you forget, other
commands will detect it and remind you to do so if necessary.[0m
