
[0m[1mInitializing the backend...[0m
[0m[32m
Successfully configured the backend "s3"! Terraform will automatically
use this backend unless the backend configuration changes.[0m
[0m[1mUpgrading modules...[0m
Downloading registry.terraform.io/aws-ia/eks-blueprints-addons/aws 1.21.1 for eks_blueprints_addons...
- eks_blueprints_addons in .terraform/modules/eks_blueprints_addons
Downloading registry.terraform.io/aws-ia/eks-blueprints-addon/aws 1.1.1 for eks_blueprints_addons.argo_events...
- eks_blueprints_addons.argo_events in .terraform/modules/eks_blueprints_addons.argo_events
Downloading registry.terraform.io/aws-ia/eks-blueprints-addon/aws 1.1.1 for eks_blueprints_addons.argo_rollouts...
- eks_blueprints_addons.argo_rollouts in .terraform/modules/eks_blueprints_addons.argo_rollouts
Downloading registry.terraform.io/aws-ia/eks-blueprints-addon/aws 1.1.1 for eks_blueprints_addons.argo_workflows...
- eks_blueprints_addons.argo_workflows in .terraform/modules/eks_blueprints_addons.argo_workflows
Downloading registry.terraform.io/aws-ia/eks-blueprints-addon/aws 1.1.1 for eks_blueprints_addons.argocd...
- eks_blueprints_addons.argocd in .terraform/modules/eks_blueprints_addons.argocd
Downloading registry.terraform.io/aws-ia/eks-blueprints-addon/aws 1.1.1 for eks_blueprints_addons.aws_cloudwatch_metrics...
- eks_blueprints_addons.aws_cloudwatch_metrics in .terraform/modules/eks_blueprints_addons.aws_cloudwatch_metrics
Downloading registry.terraform.io/aws-ia/eks-blueprints-addon/aws 1.1.1 for eks_blueprints_addons.aws_efs_csi_driver...
- eks_blueprints_addons.aws_efs_csi_driver in .terraform/modules/eks_blueprints_addons.aws_efs_csi_driver
Downloading registry.terraform.io/aws-ia/eks-blueprints-addon/aws 1.1.1 for eks_blueprints_addons.aws_for_fluentbit...
- eks_blueprints_addons.aws_for_fluentbit in .terraform/modules/eks_blueprints_addons.aws_for_fluentbit
Downloading registry.terraform.io/aws-ia/eks-blueprints-addon/aws 1.1.1 for eks_blueprints_addons.aws_fsx_csi_driver...
- eks_blueprints_addons.aws_fsx_csi_driver in .terraform/modules/eks_blueprints_addons.aws_fsx_csi_driver
Downloading registry.terraform.io/aws-ia/eks-blueprints-addon/aws 1.1.1 for eks_blueprints_addons.aws_gateway_api_controller...
- eks_blueprints_addons.aws_gateway_api_controller in .terraform/modules/eks_blueprints_addons.aws_gateway_api_controller
Downloading registry.terraform.io/aws-ia/eks-blueprints-addon/aws 1.1.1 for eks_blueprints_addons.aws_load_balancer_controller...
- eks_blueprints_addons.aws_load_balancer_controller in .terraform/modules/eks_blueprints_addons.aws_load_balancer_controller
Downloading registry.terraform.io/aws-ia/eks-blueprints-addon/aws 1.1.1 for eks_blueprints_addons.aws_node_termination_handler...
- eks_blueprints_addons.aws_node_termination_handler in .terraform/modules/eks_blueprints_addons.aws_node_termination_handler
Downloading registry.terraform.io/terraform-aws-modules/sqs/aws 4.0.1 for eks_blueprints_addons.aws_node_termination_handler_sqs...
- eks_blueprints_addons.aws_node_termination_handler_sqs in .terraform/modules/eks_blueprints_addons.aws_node_termination_handler_sqs
Downloading registry.terraform.io/aws-ia/eks-blueprints-addon/aws 1.1.1 for eks_blueprints_addons.aws_privateca_issuer...
- eks_blueprints_addons.aws_privateca_issuer in .terraform/modules/eks_blueprints_addons.aws_privateca_issuer
Downloading registry.terraform.io/aws-ia/eks-blueprints-addon/aws 1.1.1 for eks_blueprints_addons.bottlerocket_shadow...
- eks_blueprints_addons.bottlerocket_shadow in .terraform/modules/eks_blueprints_addons.bottlerocket_shadow
Downloading registry.terraform.io/aws-ia/eks-blueprints-addon/aws 1.1.1 for eks_blueprints_addons.bottlerocket_update_operator...
- eks_blueprints_addons.bottlerocket_update_operator in .terraform/modules/eks_blueprints_addons.bottlerocket_update_operator
Downloading registry.terraform.io/aws-ia/eks-blueprints-addon/aws 1.1.1 for eks_blueprints_addons.cert_manager...
- eks_blueprints_addons.cert_manager in .terraform/modules/eks_blueprints_addons.cert_manager
Downloading registry.terraform.io/aws-ia/eks-blueprints-addon/aws 1.1.1 for eks_blueprints_addons.cluster_autoscaler...
- eks_blueprints_addons.cluster_autoscaler in .terraform/modules/eks_blueprints_addons.cluster_autoscaler
Downloading registry.terraform.io/aws-ia/eks-blueprints-addon/aws 1.1.1 for eks_blueprints_addons.cluster_proportional_autoscaler...
- eks_blueprints_addons.cluster_proportional_autoscaler in .terraform/modules/eks_blueprints_addons.cluster_proportional_autoscaler
Downloading registry.terraform.io/aws-ia/eks-blueprints-addon/aws 1.1.1 for eks_blueprints_addons.external_dns...
- eks_blueprints_addons.external_dns in .terraform/modules/eks_blueprints_addons.external_dns
Downloading registry.terraform.io/aws-ia/eks-blueprints-addon/aws 1.1.1 for eks_blueprints_addons.external_secrets...
- eks_blueprints_addons.external_secrets in .terraform/modules/eks_blueprints_addons.external_secrets
Downloading registry.terraform.io/aws-ia/eks-blueprints-addon/aws 1.1.1 for eks_blueprints_addons.gatekeeper...
- eks_blueprints_addons.gatekeeper in .terraform/modules/eks_blueprints_addons.gatekeeper
Downloading registry.terraform.io/aws-ia/eks-blueprints-addon/aws 1.1.1 for eks_blueprints_addons.ingress_nginx...
- eks_blueprints_addons.ingress_nginx in .terraform/modules/eks_blueprints_addons.ingress_nginx
Downloading registry.terraform.io/aws-ia/eks-blueprints-addon/aws 1.1.1 for eks_blueprints_addons.karpenter...
- eks_blueprints_addons.karpenter in .terraform/modules/eks_blueprints_addons.karpenter
Downloading registry.terraform.io/terraform-aws-modules/sqs/aws 4.0.1 for eks_blueprints_addons.karpenter_sqs...
- eks_blueprints_addons.karpenter_sqs in .terraform/modules/eks_blueprints_addons.karpenter_sqs
Downloading registry.terraform.io/aws-ia/eks-blueprints-addon/aws 1.1.1 for eks_blueprints_addons.kube_prometheus_stack...
- eks_blueprints_addons.kube_prometheus_stack in .terraform/modules/eks_blueprints_addons.kube_prometheus_stack
Downloading registry.terraform.io/aws-ia/eks-blueprints-addon/aws 1.1.1 for eks_blueprints_addons.metrics_server...
- eks_blueprints_addons.metrics_server in .terraform/modules/eks_blueprints_addons.metrics_server
Downloading registry.terraform.io/aws-ia/eks-blueprints-addon/aws 1.1.1 for eks_blueprints_addons.secrets_store_csi_driver...
- eks_blueprints_addons.secrets_store_csi_driver in .terraform/modules/eks_blueprints_addons.secrets_store_csi_driver
Downloading registry.terraform.io/aws-ia/eks-blueprints-addon/aws 1.1.1 for eks_blueprints_addons.secrets_store_csi_driver_provider_aws...
- eks_blueprints_addons.secrets_store_csi_driver_provider_aws in .terraform/modules/eks_blueprints_addons.secrets_store_csi_driver_provider_aws
Downloading registry.terraform.io/aws-ia/eks-blueprints-addon/aws 1.1.1 for eks_blueprints_addons.velero...
- eks_blueprints_addons.velero in .terraform/modules/eks_blueprints_addons.velero
Downloading registry.terraform.io/aws-ia/eks-blueprints-addon/aws 1.1.1 for eks_blueprints_addons.vpa...
- eks_blueprints_addons.vpa in .terraform/modules/eks_blueprints_addons.vpa

[0m[1mInitializing provider plugins...[0m
- terraform.io/builtin/terraform is built in to Terraform
- Finding hashicorp/kubernetes versions matching ">= 2.20.0, ~> 2.22"...
- Finding hashicorp/helm versions matching "~> 2.7, >= 2.9.0, < 3.0.0"...
- Finding alekc/kubectl versions matching "~> 2.0"...
- Finding hashicorp/null versions matching "~> 3.0"...
- Finding hashicorp/aws versions matching ">= 4.36.0, >= 4.47.0, >= 5.0.0, ~> 5.40"...
- Finding hashicorp/time versions matching ">= 0.9.0"...
- Finding hashicorp/random versions matching ">= 3.6.0"...
- Installing hashicorp/null v3.2.4...
- Installed hashicorp/null v3.2.4 (signed by HashiCorp)
- Installing hashicorp/aws v5.100.0...
- Installed hashicorp/aws v5.100.0 (signed by HashiCorp)
- Installing hashicorp/time v0.13.1...
- Installed hashicorp/time v0.13.1 (signed by HashiCorp)
- Installing hashicorp/random v3.8.1...
- Installed hashicorp/random v3.8.1 (signed by HashiCorp)
- Installing hashicorp/kubernetes v2.38.0...
- Installed hashicorp/kubernetes v2.38.0 (signed by HashiCorp)
- Installing hashicorp/helm v2.17.0...
- Installed hashicorp/helm v2.17.0 (signed by HashiCorp)
- Installing alekc/kubectl v2.1.3...
- Installed alekc/kubectl v2.1.3 (self-signed, key ID [0m[1m772FB27A86DAFCE7[0m[0m)

Partner and community providers are signed by their developers.
If you'd like to know more about provider signing, you can read about it here:
https://www.terraform.io/docs/cli/plugins/signing.html

[0m[1m[32mTerraform has been successfully initialized![0m[32m[0m
[0m[32m
You may now begin working with Terraform. Try running "terraform plan" to see
any changes that are required for your infrastructure. All Terraform commands
should now work.

If you ever set or change modules or backend configuration for Terraform,
rerun this command to reinitialize your working directory. If you forget, other
commands will detect it and remind you to do so if necessary.[0m
